<?xml version="1.0" encoding="UTF-8"?>
<!-- Generated by org.testng.reporters.JUnitReportReporter -->
<testsuite skipped="0" hostname="mleizhang-PC" name="com.moji.appium.testcases.testmoji" tests="1" failures="0" timestamp="20 七月 2017 03:37:53 GMT" time="9.774" errors="0">
  <testcase name="testPid" time="9.774" classname="com.moji.appium.testcases.testmoji"/>
</testsuite> <!-- com.moji.appium.testcases.testmoji -->
