<?xml version="1.0" encoding="UTF-8"?>
<!-- Generated by org.testng.reporters.JUnitReportReporter -->
<testsuite hostname="px-PC" name="com.moji.appium.testcases.testmoji" tests="3" failures="0" timestamp="7 Jun 2017 04:17:40 GMT" time="4.299" errors="1">
  <testcase name="testSettings" time="4.108" classname="com.moji.appium.testcases.testmoji">
    <error type="org.openqa.selenium.NoSuchElementException" message="An element could not be located on the page using the given search parameters. (WARNING: The server did not provide any stacktrace information)
Command duration or timeout: 4.11 seconds
For documentation on this error, please visit: http://seleniumhq.org/exceptions/no_such_element.html
Build info: version: &#039;2.53.0&#039;, revision: &#039;35ae25b1534ae328c771e0856c93e187490ca824&#039;, time: &#039;2016-03-15 10:43:46&#039;
System info: host: &#039;px-PC&#039;, ip: &#039;192.168.42.84&#039;, os.name: &#039;Windows 7&#039;, os.arch: &#039;amd64&#039;, os.version: &#039;6.1&#039;, java.version: &#039;1.8.0_131&#039;
Driver info: com.moji.appium.base.AndroidDriverBase
Capabilities [{appPackage=com.moji.mjweather, noReset=true, deviceName=MSM8926, platform=LINUX, deviceUDID=MSM8926, desired={appPackage=com.moji.mjweather, appActivity=LauncherActivity, app=g:\apps\moji.apk, noReset=true, noSign=true, newCommandTimeout=600, unicodeKeyboard=true, udid=MSM8926, platformName=Android, deviceName=MSM8926, resetKeyboard=true}, newCommandTimeout=600, platformVersion=4.3, webStorageEnabled=false, takesScreenshot=true, javascriptEnabled=true, unicodeKeyboard=true, udid=MSM8926, platformName=Android, deviceManufacturer=ZTE, resetKeyboard=true, app=g:\apps\moji.apk, deviceScreenSize=720x1280, networkConnectionEnabled=true, noSign=true, warnings={}, databaseEnabled=false, appActivity=LauncherActivity, locationContextEnabled=false, deviceModel=N9180}]
Session ID: 5634fd3b-2bf0-42b0-b26d-9d480fc5be52
*** Element info: {Using=id, value=Settings}">
      <![CDATA[org.openqa.selenium.NoSuchElementException: An element could not be located on the page using the given search parameters. (WARNING: The server did not provide any stacktrace information)
Command duration or timeout: 4.11 seconds
For documentation on this error, please visit: http://seleniumhq.org/exceptions/no_such_element.html
Build info: version: '2.53.0', revision: '35ae25b1534ae328c771e0856c93e187490ca824', time: '2016-03-15 10:43:46'
System info: host: 'px-PC', ip: '192.168.42.84', os.name: 'Windows 7', os.arch: 'amd64', os.version: '6.1', java.version: '1.8.0_131'
Driver info: com.moji.appium.base.AndroidDriverBase
Capabilities [{appPackage=com.moji.mjweather, noReset=true, deviceName=MSM8926, platform=LINUX, deviceUDID=MSM8926, desired={appPackage=com.moji.mjweather, appActivity=LauncherActivity, app=g:\apps\moji.apk, noReset=true, noSign=true, newCommandTimeout=600, unicodeKeyboard=true, udid=MSM8926, platformName=Android, deviceName=MSM8926, resetKeyboard=true}, newCommandTimeout=600, platformVersion=4.3, webStorageEnabled=false, takesScreenshot=true, javascriptEnabled=true, unicodeKeyboard=true, udid=MSM8926, platformName=Android, deviceManufacturer=ZTE, resetKeyboard=true, app=g:\apps\moji.apk, deviceScreenSize=720x1280, networkConnectionEnabled=true, noSign=true, warnings={}, databaseEnabled=false, appActivity=LauncherActivity, locationContextEnabled=false, deviceModel=N9180}]
Session ID: 5634fd3b-2bf0-42b0-b26d-9d480fc5be52
*** Element info: {Using=id, value=Settings}
	at sun.reflect.NativeConstructorAccessorImpl.newInstance0(Native Method)
	at sun.reflect.NativeConstructorAccessorImpl.newInstance(Unknown Source)
	at sun.reflect.DelegatingConstructorAccessorImpl.newInstance(Unknown Source)
	at java.lang.reflect.Constructor.newInstance(Unknown Source)
	at org.openqa.selenium.remote.ErrorHandler.createThrowable(ErrorHandler.java:206)
	at org.openqa.selenium.remote.ErrorHandler.throwIfResponseFailed(ErrorHandler.java:158)
	at org.openqa.selenium.remote.RemoteWebDriver.execute(RemoteWebDriver.java:678)
	at io.appium.java_client.DefaultGenericMobileDriver.execute(DefaultGenericMobileDriver.java:43)
	at io.appium.java_client.AppiumDriver.execute(AppiumDriver.java:1)
	at io.appium.java_client.android.AndroidDriver.execute(AndroidDriver.java:1)
	at com.moji.appium.base.AndroidDriverBase.execute(AndroidDriverBase.java:1)
	at org.openqa.selenium.remote.RemoteWebDriver.findElement(RemoteWebDriver.java:363)
	at org.openqa.selenium.remote.RemoteWebDriver.findElementById(RemoteWebDriver.java:413)
	at io.appium.java_client.DefaultGenericMobileDriver.findElementById(DefaultGenericMobileDriver.java:59)
	at io.appium.java_client.AppiumDriver.findElementById(AppiumDriver.java:1)
	at io.appium.java_client.android.AndroidDriver.findElementById(AndroidDriver.java:1)
	at com.moji.appium.base.AndroidDriverBase.findElementById(AndroidDriverBase.java:1)
	at com.moji.appium.testcases.testmoji.testSettings(testmoji.java:40)
	at sun.reflect.NativeMethodAccessorImpl.invoke0(Native Method)
	at sun.reflect.NativeMethodAccessorImpl.invoke(Unknown Source)
	at sun.reflect.DelegatingMethodAccessorImpl.invoke(Unknown Source)
	at java.lang.reflect.Method.invoke(Unknown Source)
	at org.testng.internal.MethodInvocationHelper.invokeMethod(MethodInvocationHelper.java:86)
	at org.testng.internal.Invoker.invokeMethod(Invoker.java:643)
	at org.testng.internal.Invoker.invokeTestMethod(Invoker.java:820)
	at org.testng.internal.Invoker.invokeTestMethods(Invoker.java:1128)
	at org.testng.internal.TestMethodWorker.invokeTestMethods(TestMethodWorker.java:129)
	at org.testng.internal.TestMethodWorker.run(TestMethodWorker.java:112)
	at org.testng.TestRunner.privateRun(TestRunner.java:782)
	at org.testng.TestRunner.run(TestRunner.java:632)
	at org.testng.SuiteRunner.runTest(SuiteRunner.java:366)
	at org.testng.SuiteRunner.access$000(SuiteRunner.java:39)
	at org.testng.SuiteRunner$SuiteWorker.run(SuiteRunner.java:400)
	at org.testng.internal.thread.ThreadUtil$2.call(ThreadUtil.java:64)
	at java.util.concurrent.FutureTask.run(Unknown Source)
	at java.util.concurrent.ThreadPoolExecutor.runWorker(Unknown Source)
	at java.util.concurrent.ThreadPoolExecutor$Worker.run(Unknown Source)
	at java.lang.Thread.run(Unknown Source)
]]>
    </error>
  </testcase> <!-- testSettings -->
  <testcase name="testLogout" time="0.000" classname="com.moji.appium.testcases.testmoji"/>
  <testcase name="testLogin" time="0.191" classname="com.moji.appium.testcases.testmoji"/>
</testsuite> <!-- com.moji.appium.testcases.testmoji -->
